#
# There is insufficient memory for the Java Runtime Environment to continue.
# Native memory allocation (mmap) failed to map 262144000 bytes for G1 virtual space
# Possible reasons:
#   The system is out of physical RAM or swap space
#   The process is running with CompressedOops enabled, and the Java Heap may be blocking the growth of the native heap
# Possible solutions:
#   Reduce memory load on the system
#   Increase physical memory or swap space
#   Check if swap backing store is full
#   Decrease Java heap size (-Xmx/-Xms)
#   Decrease number of Java threads
#   Decrease Java thread stack sizes (-Xss)
#   Set larger code cache with -XX:ReservedCodeCacheSize=
#   JVM is running with Zero Based Compressed Oops mode in which the Java heap is
#     placed in the first 32GB address space. The Java Heap base address is the
#     maximum limit for the native heap growth. Please use -XX:HeapBaseMinAddress
#     to set the Java Heap base and to place the Java Heap above 32GB virtual address.
# This output file may be truncated or incomplete.
#
#  Out of Memory Error (os_windows.cpp:3469), pid=89268, tid=69120
#
# JRE version:  (17.0+35) (build )
# Java VM: Java HotSpot(TM) 64-Bit Server VM (17+35-LTS-2724, mixed mode, sharing, tiered, compressed oops, compressed class ptrs, g1 gc, windows-amd64)
# No core dump will be written. Minidumps are not enabled by default on client versions of Windows
#

---------------  S U M M A R Y ------------

Command Line: -Dfile.encoding=Cp1255 --module-path=C:\Users\neta1\Downloads\mysql-connector-java-8.0.28.jar -XX:+ShowCodeDetailsInExceptionMessages Dashboard

Host: 11th Gen Intel(R) Core(TM) i7-1165G7 @ 2.80GHz, 8 cores, 15G,  Windows 10 , 64 bit Build 22000 (10.0.22000.1516)
Time: Mon Mar  6 18:04:44 2023 Jerusalem Standard Time elapsed time: 0.007326 seconds (0d 0h 0m 0s)

---------------  T H R E A D  ---------------

Current thread (0x000002d87fd41860):  JavaThread "Unknown thread" [_thread_in_vm, id=69120, stack(0x000000f9d5e00000,0x000000f9d5f00000)]

Stack: [0x000000f9d5e00000,0x000000f9d5f00000]
Native frames: (J=compiled Java code, j=interpreted, Vv=VM code, C=native code)
V  [jvm.dll+0x66f8ea]
V  [jvm.dll+0x7ce224]
V  [jvm.dll+0x7cf9ce]
V  [jvm.dll+0x7d0033]
V  [jvm.dll+0x242bb5]
V  [jvm.dll+0x66c909]
V  [jvm.dll+0x6613d2]
V  [jvm.dll+0x30082b]
V  [jvm.dll+0x307db6]
V  [jvm.dll+0x357a0e]
V  [jvm.dll+0x357c3f]
V  [jvm.dll+0x2d7ae8]
V  [jvm.dll+0x2d8a54]
V  [jvm.dll+0x7a00a1]
V  [jvm.dll+0x365781]
V  [jvm.dll+0x77f59c]
V  [jvm.dll+0x3e805f]
V  [jvm.dll+0x3e9b01]
C  [jli.dll+0x527b]
C  [ucrtbase.dll+0x26c0c]
C  [KERNEL32.DLL+0x155a0]
C  [ntdll.dll+0x485b]


---------------  P R O C E S S  ---------------

Threads class SMR info:
_java_thread_list=0x00007ffc85ff7818, length=0, elements={
}

Java Threads: ( => current thread )

Other Threads:
  0x000002d87fd972a0 GCTaskThread "GC Thread#0" [stack: 0x000000f9d5f00000,0x000000f9d6000000] [id=20856]
  0x000002d87fda79f0 ConcurrentGCThread "G1 Main Marker" [stack: 0x000000f9d6000000,0x000000f9d6100000] [id=86648]
  0x000002d87fda9ac0 ConcurrentGCThread "G1 Conc#0" [stack: 0x000000f9d6100000,0x000000f9d6200000] [id=84448]

[error occurred during error reporting (printing all threads), id 0xc0000005, EXCEPTION_ACCESS_VIOLATION (0xc0000005) at pc=0x00007ffc858484c7]

VM state: not at safepoint (not fully initialized)

VM Mutex/Monitor currently owned by a thread:  ([mutex/lock_event])
[0x000002d87fd3c6e0] Heap_lock - owner thread: 0x000002d87fd41860

Heap address: 0x0000000707000000, size: 3984 MB, Compressed Oops mode: Zero based, Oop shift amount: 3

CDS archive(s) mapped at: [0x0000000000000000-0x0000000000000000-0x0000000000000000), size 0, SharedBaseAddress: 0x0000000800000000, ArchiveRelocationMode: 0.
Narrow klass base: 0x0000000000000000, Narrow klass shift: 0, Narrow klass range: 0x0

GC Precious Log:
<Empty>

Heap:
 garbage-first heap   total 0K, used 0K [0x0000000707000000, 0x0000000800000000)
  region size 2048K, 0 young (0K), 0 survivors (0K)

[error occurred during error reporting (printing heap information), id 0xc0000005, EXCEPTION_ACCESS_VIOLATION (0xc0000005) at pc=0x00007ffc85c28c59]

GC Heap History (0 events):
No events

Deoptimization events (0 events):
No events

Classes unloaded (0 events):
No events

Classes redefined (0 events):
No events

Internal exceptions (0 events):
No events

VM Operations (0 events):
No events

Events (1 events):
Event: 0.005 Loaded shared library C:\Program Files\Java\jdk-17\bin\java.dll


Dynamic libraries:
0x00007ff62d690000 - 0x00007ff62d6a0000 	C:\Program Files\Java\jdk-17\bin\javaw.exe
0x00007ffd3cda0000 - 0x00007ffd3cfa9000 	C:\WINDOWS\SYSTEM32\ntdll.dll
0x00007ffd3b350000 - 0x00007ffd3b40e000 	C:\WINDOWS\System32\KERNEL32.DLL
0x00007ffd3a8a0000 - 0x00007ffd3ac1c000 	C:\WINDOWS\System32\KERNELBASE.dll
0x00007ffd3a430000 - 0x00007ffd3a541000 	C:\WINDOWS\System32\ucrtbase.dll
0x00007ffd0fa00000 - 0x00007ffd0fa1a000 	C:\Program Files\Java\jdk-17\bin\VCRUNTIME140.dll
0x00007ffcf03e0000 - 0x00007ffcf03f8000 	C:\Program Files\Java\jdk-17\bin\jli.dll
0x00007ffd3c060000 - 0x00007ffd3c10e000 	C:\WINDOWS\System32\ADVAPI32.dll
0x00007ffd3ca90000 - 0x00007ffd3cb33000 	C:\WINDOWS\System32\msvcrt.dll
0x00007ffd3ae50000 - 0x00007ffd3aeee000 	C:\WINDOWS\System32\sechost.dll
0x00007ffd3baa0000 - 0x00007ffd3bbc0000 	C:\WINDOWS\System32\RPCRT4.dll
0x00007ffd3bbc0000 - 0x00007ffd3bd6d000 	C:\WINDOWS\System32\USER32.dll
0x00007ffd3a7b0000 - 0x00007ffd3a7d6000 	C:\WINDOWS\System32\win32u.dll
0x00007ffd3cc40000 - 0x00007ffd3cc69000 	C:\WINDOWS\System32\GDI32.dll
0x00007ffd29b70000 - 0x00007ffd29e15000 	C:\WINDOWS\WinSxS\amd64_microsoft.windows.common-controls_6595b64144ccf1df_6.0.22000.120_none_9d947278b86cc467\COMCTL32.dll
0x00007ffd3a270000 - 0x00007ffd3a388000 	C:\WINDOWS\System32\gdi32full.dll
0x00007ffd3a390000 - 0x00007ffd3a42d000 	C:\WINDOWS\System32\msvcp_win.dll
0x00007ffd2ea40000 - 0x00007ffd2ea4a000 	C:\WINDOWS\SYSTEM32\VERSION.dll
0x00007ffd3c220000 - 0x00007ffd3c252000 	C:\WINDOWS\System32\IMM32.DLL
0x00007ffd16c40000 - 0x00007ffd16c4c000 	C:\Program Files\Java\jdk-17\bin\vcruntime140_1.dll
0x00007ffcca300000 - 0x00007ffcca38d000 	C:\Program Files\Java\jdk-17\bin\msvcp140.dll
0x00007ffc85560000 - 0x00007ffc8611e000 	C:\Program Files\Java\jdk-17\bin\server\jvm.dll
0x00007ffd3c200000 - 0x00007ffd3c208000 	C:\WINDOWS\System32\PSAPI.DLL
0x00007ffd27130000 - 0x00007ffd27139000 	C:\WINDOWS\SYSTEM32\WSOCK32.dll
0x00007ffd3cbd0000 - 0x00007ffd3cc3f000 	C:\WINDOWS\System32\WS2_32.dll
0x00007ffd2fe50000 - 0x00007ffd2fe83000 	C:\WINDOWS\SYSTEM32\WINMM.dll
0x00007ffd393e0000 - 0x00007ffd393f8000 	C:\WINDOWS\SYSTEM32\kernel.appcore.dll
0x00007ffd16150000 - 0x00007ffd1615a000 	C:\Program Files\Java\jdk-17\bin\jimage.dll
0x00007ffd37810000 - 0x00007ffd37a31000 	C:\WINDOWS\SYSTEM32\DBGHELP.DLL
0x00007ffd1d300000 - 0x00007ffd1d331000 	C:\WINDOWS\SYSTEM32\dbgcore.DLL
0x00007ffd3a550000 - 0x00007ffd3a5cf000 	C:\WINDOWS\System32\bcryptPrimitives.dll
0x00007ffcf03b0000 - 0x00007ffcf03d5000 	C:\Program Files\Java\jdk-17\bin\java.dll

dbghelp: loaded successfully - version: 4.0.5 - missing functions: none
symbol engine: initialized successfully - sym options: 0x614 - pdb path: .;C:\Program Files\Java\jdk-17\bin;C:\WINDOWS\SYSTEM32;C:\WINDOWS\WinSxS\amd64_microsoft.windows.common-controls_6595b64144ccf1df_6.0.22000.120_none_9d947278b86cc467;C:\Program Files\Java\jdk-17\bin\server

VM Arguments:
jvm_args: -Dfile.encoding=Cp1255 --module-path=C:\Users\neta1\Downloads\mysql-connector-java-8.0.28.jar -XX:+ShowCodeDetailsInExceptionMessages 
java_command: Dashboard
java_class_path (initial): C:\Users\neta1\eclipse-workspace\HotelManagmentSystem\bin
Launcher Type: SUN_STANDARD

[Global flags]
     intx CICompilerCount                          = 4                                         {product} {ergonomic}
     uint ConcGCThreads                            = 2                                         {product} {ergonomic}
     uint G1ConcRefinementThreads                  = 8                                         {product} {ergonomic}
   size_t G1HeapRegionSize                         = 2097152                                   {product} {ergonomic}
    uintx GCDrainStackTargetSize                   = 64                                        {product} {ergonomic}
   size_t InitialHeapSize                          = 262144000                                 {product} {ergonomic}
   size_t MarkStackSize                            = 4194304                                   {product} {ergonomic}
   size_t MaxHeapSize                              = 4177526784                                {product} {ergonomic}
   size_t MinHeapDeltaBytes                        = 2097152                                   {product} {ergonomic}
   size_t MinHeapSize                              = 8388608                                   {product} {ergonomic}
    uintx NonNMethodCodeHeapSize                   = 5839372                                {pd product} {ergonomic}
    uintx NonProfiledCodeHeapSize                  = 122909434                              {pd product} {ergonomic}
    uintx ProfiledCodeHeapSize                     = 122909434                              {pd product} {ergonomic}
    uintx ReservedCodeCacheSize                    = 251658240                              {pd product} {ergonomic}
     bool SegmentedCodeCache                       = true                                      {product} {ergonomic}
     bool ShowCodeDetailsInExceptionMessages       = true                                   {manageable} {command line}
   size_t SoftMaxHeapSize                          = 4177526784                             {manageable} {ergonomic}
     bool UseCompressedClassPointers               = true                           {product lp64_product} {ergonomic}
     bool UseCompressedOops                        = true                           {product lp64_product} {ergonomic}
     bool UseG1GC                                  = true                                      {product} {ergonomic}
     bool UseLargePagesIndividualAllocation        = false                                  {pd product} {ergonomic}

Logging:
Log output configuration:
 #0: stdout all=warning uptime,level,tags
 #1: stderr all=off uptime,level,tags

Environment Variables:
JAVA_HOME=C:\Program Files\Java\jdk-17
PATH=C:/Program Files/Microsoft/jdk-11.0.12.7-hotspot/bin/server;C:/Program Files/Microsoft/jdk-11.0.12.7-hotspot/bin;C:\Program Files\Python311\Scripts\;C:\Program Files\Python311\;C:\Program Files\Microsoft\jdk-11.0.12.7-hotspot\bin;C:\Program Files\Java\jdk-17\bin;C:\WINDOWS\system32;C:\WINDOWS;C:\WINDOWS\System32\Wbem;C:\WINDOWS\System32\WindowsPowerShell\v1.0\;C:\WINDOWS\System32\OpenSSH\;C:\Program Files\dotnet\;C:\Program Files\apache-maven-3.8.6-bin\apache-maven-3.8.6\bin;C:\Program Files\MySQL\MySQL Shell 8.0\bin\;C:\Users\neta1\AppData\Local\Microsoft\WindowsApps;C:\Users\neta1\.dotnet\tools;C:\Users\neta1\AppData\Local\Programs\Microsoft VS Code\bin;C:\WINDOWS\system32;
USERNAME=neta1
OS=Windows_NT
PROCESSOR_IDENTIFIER=Intel64 Family 6 Model 140 Stepping 1, GenuineIntel



---------------  S Y S T E M  ---------------

OS:
 Windows 10 , 64 bit Build 22000 (10.0.22000.1516)
OS uptime: 10 days 23:57 hours

CPU: total 8 (initial active 8) (4 cores per cpu, 2 threads per core) family 6 model 140 stepping 1 microcode 0x56, cx8, cmov, fxsr, ht, mmx, 3dnowpref, sse, sse2, sse3, ssse3, sse4.1, sse4.2, popcnt, lzcnt, tsc, tscinvbit, avx, avx2, aes, erms, clmul, bmi1, bmi2, adx, avx512f, avx512dq, avx512cd, avx512bw, avx512vl, sha, fma, vzeroupper, avx512_vpopcntdq, avx512_vpclmulqdq, avx512_vaes, avx512_vnni, clflush, clflushopt, clwb, avx512_vbmi2, avx512_vbmi

Memory: 4k page, system-wide physical 15931M (733M free)
TotalPageFile size 65083M (AvailPageFile size 190M)
current process WorkingSet (physical memory assigned to process): 10M, peak: 10M
current process commit charge ("private bytes"): 60M, peak: 310M

vm_info: Java HotSpot(TM) 64-Bit Server VM (17+35-LTS-2724) for windows-amd64 JRE (17+35-LTS-2724), built on Aug  5 2021 23:28:28 by "mach5one" with MS VC++ 16.8 (VS2019)

END.
